1751820746.843604 client started (79642): version 3.5a, socket /tmp/tmux-1000/default, protocol 8
1751820746.843623 on Linux 6.15.4-arch2-1 #1 SMP PREEMPT_DYNAMIC Fri, 27 Jun 2025 16:35:07 +0000
1751820746.843644 using libevent 2.1.12-stable poll
1751820746.843650 using ncurses 6.5 20240427
1751820746.843665 flags are 0x10010000
1751820746.843679 socket is /tmp/tmux-1000/default
1751820746.843692 trying connect
1751820746.843755 add peer 0x565117890bb0: 6 ((nil))
1751820746.844019 sending message 111 to peer 0x565117890bb0 (8 bytes)
1751820746.844027 sending message 111 to peer 0x565117890bb0 (8 bytes)
1751820746.844034 sending message 101 to peer 0x565117890bb0 (14 bytes)
1751820746.844040 sending message 109 to peer 0x565117890bb0 (4 bytes)
1751820746.844045 sending message 102 to peer 0x565117890bb0 (11 bytes)
1751820746.844051 sending message 108 to peer 0x565117890bb0 (20 bytes)
1751820746.844057 sending message 112 to peer 0x565117890bb0 (70 bytes)
1751820746.844063 sending message 112 to peer 0x565117890bb0 (5 bytes)
1751820746.844069 sending message 112 to peer 0x565117890bb0 (5 bytes)
1751820746.844075 sending message 112 to peer 0x565117890bb0 (6 bytes)
1751820746.844080 sending message 112 to peer 0x565117890bb0 (6 bytes)
1751820746.844086 sending message 112 to peer 0x565117890bb0 (11 bytes)
1751820746.844092 sending message 112 to peer 0x565117890bb0 (10 bytes)
1751820746.844097 sending message 112 to peer 0x565117890bb0 (13 bytes)
1751820746.844103 sending message 112 to peer 0x565117890bb0 (13 bytes)
1751820746.844109 sending message 112 to peer 0x565117890bb0 (18 bytes)
1751820746.844115 sending message 112 to peer 0x565117890bb0 (11 bytes)
1751820746.844121 sending message 112 to peer 0x565117890bb0 (10 bytes)
1751820746.844127 sending message 112 to peer 0x565117890bb0 (15 bytes)
1751820746.844132 sending message 112 to peer 0x565117890bb0 (21 bytes)
1751820746.844138 sending message 112 to peer 0x565117890bb0 (13 bytes)
1751820746.844144 sending message 112 to peer 0x565117890bb0 (7 bytes)
1751820746.844149 sending message 112 to peer 0x565117890bb0 (13 bytes)
1751820746.844155 sending message 112 to peer 0x565117890bb0 (7 bytes)
1751820746.844161 sending message 112 to peer 0x565117890bb0 (13 bytes)
1751820746.844167 sending message 112 to peer 0x565117890bb0 (9 bytes)
1751820746.844173 sending message 112 to peer 0x565117890bb0 (21 bytes)
1751820746.844178 sending message 112 to peer 0x565117890bb0 (13 bytes)
1751820746.844184 sending message 112 to peer 0x565117890bb0 (8 bytes)
1751820746.844190 sending message 112 to peer 0x565117890bb0 (12 bytes)
1751820746.844195 sending message 112 to peer 0x565117890bb0 (13 bytes)
1751820746.844201 sending message 112 to peer 0x565117890bb0 (9 bytes)
1751820746.844207 sending message 112 to peer 0x565117890bb0 (9 bytes)
1751820746.844213 sending message 112 to peer 0x565117890bb0 (12 bytes)
1751820746.844219 sending message 112 to peer 0x565117890bb0 (8 bytes)
1751820746.844224 sending message 112 to peer 0x565117890bb0 (8 bytes)
1751820746.844230 sending message 112 to peer 0x565117890bb0 (7 bytes)
1751820746.844236 sending message 112 to peer 0x565117890bb0 (7 bytes)
1751820746.844241 sending message 112 to peer 0x565117890bb0 (9 bytes)
1751820746.844247 sending message 112 to peer 0x565117890bb0 (13 bytes)
1751820746.844253 sending message 112 to peer 0x565117890bb0 (6 bytes)
1751820746.844258 sending message 112 to peer 0x565117890bb0 (9 bytes)
1751820746.844264 sending message 112 to peer 0x565117890bb0 (15 bytes)
1751820746.844270 sending message 112 to peer 0x565117890bb0 (13 bytes)
1751820746.844276 sending message 112 to peer 0x565117890bb0 (12 bytes)
1751820746.844282 sending message 112 to peer 0x565117890bb0 (8 bytes)
1751820746.844287 sending message 112 to peer 0x565117890bb0 (14 bytes)
1751820746.844293 sending message 112 to peer 0x565117890bb0 (11 bytes)
1751820746.844299 sending message 112 to peer 0x565117890bb0 (9 bytes)
1751820746.844304 sending message 112 to peer 0x565117890bb0 (10 bytes)
1751820746.844310 sending message 112 to peer 0x565117890bb0 (10 bytes)
1751820746.844323 sending message 112 to peer 0x565117890bb0 (10 bytes)
1751820746.844332 sending message 112 to peer 0x565117890bb0 (10 bytes)
1751820746.844338 sending message 112 to peer 0x565117890bb0 (11 bytes)
1751820746.844344 sending message 112 to peer 0x565117890bb0 (12 bytes)
1751820746.844350 sending message 112 to peer 0x565117890bb0 (12 bytes)
1751820746.844356 sending message 112 to peer 0x565117890bb0 (12 bytes)
1751820746.844362 sending message 112 to peer 0x565117890bb0 (12 bytes)
1751820746.844367 sending message 112 to peer 0x565117890bb0 (12 bytes)
1751820746.844382 sending message 112 to peer 0x565117890bb0 (11 bytes)
1751820746.844390 sending message 112 to peer 0x565117890bb0 (11 bytes)
1751820746.844398 sending message 112 to peer 0x565117890bb0 (12 bytes)
1751820746.844404 sending message 112 to peer 0x565117890bb0 (12 bytes)
1751820746.844409 sending message 112 to peer 0x565117890bb0 (12 bytes)
1751820746.844414 sending message 112 to peer 0x565117890bb0 (12 bytes)
1751820746.844420 sending message 112 to peer 0x565117890bb0 (12 bytes)
1751820746.844426 sending message 112 to peer 0x565117890bb0 (10 bytes)
1751820746.844432 sending message 112 to peer 0x565117890bb0 (12 bytes)
1751820746.844438 sending message 112 to peer 0x565117890bb0 (13 bytes)
1751820746.844444 sending message 112 to peer 0x565117890bb0 (13 bytes)
1751820746.844450 sending message 112 to peer 0x565117890bb0 (13 bytes)
1751820746.844456 sending message 112 to peer 0x565117890bb0 (13 bytes)
1751820746.844462 sending message 112 to peer 0x565117890bb0 (13 bytes)
1751820746.844468 sending message 112 to peer 0x565117890bb0 (8 bytes)
1751820746.844474 sending message 112 to peer 0x565117890bb0 (11 bytes)
1751820746.844480 sending message 112 to peer 0x565117890bb0 (11 bytes)
1751820746.844485 sending message 112 to peer 0x565117890bb0 (11 bytes)
1751820746.844491 sending message 112 to peer 0x565117890bb0 (12 bytes)
1751820746.844498 sending message 112 to peer 0x565117890bb0 (12 bytes)
1751820746.844503 sending message 112 to peer 0x565117890bb0 (12 bytes)
1751820746.844509 sending message 112 to peer 0x565117890bb0 (12 bytes)
1751820746.844515 sending message 112 to peer 0x565117890bb0 (13 bytes)
1751820746.844521 sending message 112 to peer 0x565117890bb0 (13 bytes)
1751820746.844527 sending message 112 to peer 0x565117890bb0 (13 bytes)
1751820746.844533 sending message 112 to peer 0x565117890bb0 (8 bytes)
1751820746.844539 sending message 112 to peer 0x565117890bb0 (13 bytes)
1751820746.844545 sending message 112 to peer 0x565117890bb0 (13 bytes)
1751820746.844551 sending message 112 to peer 0x565117890bb0 (13 bytes)
1751820746.844556 sending message 112 to peer 0x565117890bb0 (13 bytes)
1751820746.844563 sending message 112 to peer 0x565117890bb0 (13 bytes)
1751820746.844568 sending message 112 to peer 0x565117890bb0 (12 bytes)
1751820746.844574 sending message 112 to peer 0x565117890bb0 (12 bytes)
1751820746.844580 sending message 112 to peer 0x565117890bb0 (12 bytes)
1751820746.844586 sending message 112 to peer 0x565117890bb0 (12 bytes)
1751820746.844592 sending message 112 to peer 0x565117890bb0 (13 bytes)
1751820746.844597 sending message 112 to peer 0x565117890bb0 (8 bytes)
1751820746.844604 sending message 112 to peer 0x565117890bb0 (13 bytes)
1751820746.844609 sending message 112 to peer 0x565117890bb0 (13 bytes)
1751820746.844615 sending message 112 to peer 0x565117890bb0 (13 bytes)
1751820746.844621 sending message 112 to peer 0x565117890bb0 (13 bytes)
1751820746.844627 sending message 112 to peer 0x565117890bb0 (13 bytes)
1751820746.844633 sending message 112 to peer 0x565117890bb0 (13 bytes)
1751820746.844638 sending message 112 to peer 0x565117890bb0 (13 bytes)
1751820746.844644 sending message 112 to peer 0x565117890bb0 (12 bytes)
1751820746.844650 sending message 112 to peer 0x565117890bb0 (12 bytes)
1751820746.844656 sending message 112 to peer 0x565117890bb0 (12 bytes)
1751820746.844662 sending message 112 to peer 0x565117890bb0 (8 bytes)
1751820746.844668 sending message 112 to peer 0x565117890bb0 (12 bytes)
1751820746.844678 sending message 112 to peer 0x565117890bb0 (13 bytes)
1751820746.844686 sending message 112 to peer 0x565117890bb0 (13 bytes)
1751820746.844692 sending message 112 to peer 0x565117890bb0 (13 bytes)
1751820746.844698 sending message 112 to peer 0x565117890bb0 (13 bytes)
1751820746.844703 sending message 112 to peer 0x565117890bb0 (13 bytes)
1751820746.844710 sending message 112 to peer 0x565117890bb0 (13 bytes)
1751820746.844715 sending message 112 to peer 0x565117890bb0 (13 bytes)
1751820746.844721 sending message 112 to peer 0x565117890bb0 (13 bytes)
1751820746.844727 sending message 112 to peer 0x565117890bb0 (12 bytes)
1751820746.844732 sending message 112 to peer 0x565117890bb0 (10 bytes)
1751820746.844739 sending message 112 to peer 0x565117890bb0 (12 bytes)
1751820746.844744 sending message 112 to peer 0x565117890bb0 (12 bytes)
1751820746.844750 sending message 112 to peer 0x565117890bb0 (12 bytes)
1751820746.844756 sending message 112 to peer 0x565117890bb0 (13 bytes)
1751820746.844762 sending message 112 to peer 0x565117890bb0 (13 bytes)
1751820746.844768 sending message 112 to peer 0x565117890bb0 (13 bytes)
1751820746.844773 sending message 112 to peer 0x565117890bb0 (13 bytes)
1751820746.844779 sending message 112 to peer 0x565117890bb0 (13 bytes)
1751820746.844785 sending message 112 to peer 0x565117890bb0 (13 bytes)
1751820746.844791 sending message 112 to peer 0x565117890bb0 (13 bytes)
1751820746.844797 sending message 112 to peer 0x565117890bb0 (10 bytes)
1751820746.844803 sending message 112 to peer 0x565117890bb0 (13 bytes)
1751820746.844808 sending message 112 to peer 0x565117890bb0 (12 bytes)
1751820746.844814 sending message 112 to peer 0x565117890bb0 (12 bytes)
1751820746.844820 sending message 112 to peer 0x565117890bb0 (12 bytes)
1751820746.844826 sending message 112 to peer 0x565117890bb0 (10 bytes)
1751820746.844832 sending message 112 to peer 0x565117890bb0 (10 bytes)
1751820746.844837 sending message 112 to peer 0x565117890bb0 (10 bytes)
1751820746.844843 sending message 112 to peer 0x565117890bb0 (12 bytes)
1751820746.844849 sending message 112 to peer 0x565117890bb0 (13 bytes)
1751820746.844855 sending message 112 to peer 0x565117890bb0 (13 bytes)
1751820746.844861 sending message 112 to peer 0x565117890bb0 (13 bytes)
1751820746.844867 sending message 112 to peer 0x565117890bb0 (13 bytes)
1751820746.844873 sending message 112 to peer 0x565117890bb0 (13 bytes)
1751820746.844878 sending message 112 to peer 0x565117890bb0 (11 bytes)
1751820746.844884 sending message 112 to peer 0x565117890bb0 (11 bytes)
1751820746.844890 sending message 112 to peer 0x565117890bb0 (12 bytes)
1751820746.844896 sending message 112 to peer 0x565117890bb0 (12 bytes)
1751820746.844902 sending message 112 to peer 0x565117890bb0 (12 bytes)
1751820746.844907 sending message 112 to peer 0x565117890bb0 (12 bytes)
1751820746.844913 sending message 112 to peer 0x565117890bb0 (12 bytes)
1751820746.844919 sending message 112 to peer 0x565117890bb0 (11 bytes)
1751820746.844925 sending message 112 to peer 0x565117890bb0 (12 bytes)
1751820746.844931 sending message 112 to peer 0x565117890bb0 (12 bytes)
1751820746.844937 sending message 112 to peer 0x565117890bb0 (13 bytes)
1751820746.844943 sending message 112 to peer 0x565117890bb0 (13 bytes)
1751820746.844948 sending message 112 to peer 0x565117890bb0 (13 bytes)
1751820746.844954 sending message 112 to peer 0x565117890bb0 (13 bytes)
1751820746.844960 sending message 112 to peer 0x565117890bb0 (13 bytes)
1751820746.844966 sending message 112 to peer 0x565117890bb0 (10 bytes)
1751820746.844972 sending message 112 to peer 0x565117890bb0 (9 bytes)
1751820746.844978 sending message 112 to peer 0x565117890bb0 (12 bytes)
1751820746.844983 sending message 112 to peer 0x565117890bb0 (13 bytes)
1751820746.844989 sending message 112 to peer 0x565117890bb0 (13 bytes)
1751820746.844995 sending message 112 to peer 0x565117890bb0 (13 bytes)
1751820746.845001 sending message 112 to peer 0x565117890bb0 (13 bytes)
1751820746.845007 sending message 112 to peer 0x565117890bb0 (13 bytes)
1751820746.845016 sending message 112 to peer 0x565117890bb0 (9 bytes)
1751820746.845024 sending message 112 to peer 0x565117890bb0 (12 bytes)
1751820746.845030 sending message 112 to peer 0x565117890bb0 (13 bytes)
1751820746.845035 sending message 112 to peer 0x565117890bb0 (13 bytes)
1751820746.845041 sending message 112 to peer 0x565117890bb0 (13 bytes)
1751820746.845047 sending message 112 to peer 0x565117890bb0 (13 bytes)
1751820746.845053 sending message 112 to peer 0x565117890bb0 (13 bytes)
1751820746.845059 sending message 112 to peer 0x565117890bb0 (11 bytes)
1751820746.845065 sending message 112 to peer 0x565117890bb0 (12 bytes)
1751820746.845070 sending message 112 to peer 0x565117890bb0 (13 bytes)
1751820746.845076 sending message 112 to peer 0x565117890bb0 (13 bytes)
1751820746.845082 sending message 112 to peer 0x565117890bb0 (13 bytes)
1751820746.845088 sending message 112 to peer 0x565117890bb0 (13 bytes)
1751820746.845094 sending message 112 to peer 0x565117890bb0 (13 bytes)
1751820746.845100 sending message 112 to peer 0x565117890bb0 (11 bytes)
1751820746.845105 sending message 112 to peer 0x565117890bb0 (12 bytes)
1751820746.845111 sending message 112 to peer 0x565117890bb0 (12 bytes)
1751820746.845117 sending message 112 to peer 0x565117890bb0 (12 bytes)
1751820746.845123 sending message 112 to peer 0x565117890bb0 (12 bytes)
1751820746.845129 sending message 112 to peer 0x565117890bb0 (12 bytes)
1751820746.845135 sending message 112 to peer 0x565117890bb0 (21 bytes)
1751820746.845141 sending message 112 to peer 0x565117890bb0 (12 bytes)
1751820746.845146 sending message 112 to peer 0x565117890bb0 (9 bytes)
1751820746.845152 sending message 112 to peer 0x565117890bb0 (6 bytes)
1751820746.845158 sending message 112 to peer 0x565117890bb0 (13 bytes)
1751820746.845164 sending message 112 to peer 0x565117890bb0 (8 bytes)
1751820746.845170 sending message 112 to peer 0x565117890bb0 (15 bytes)
1751820746.845176 sending message 112 to peer 0x565117890bb0 (13 bytes)
1751820746.845182 sending message 112 to peer 0x565117890bb0 (9 bytes)
1751820746.845188 sending message 112 to peer 0x565117890bb0 (70 bytes)
1751820746.845194 sending message 112 to peer 0x565117890bb0 (69 bytes)
1751820746.845200 sending message 112 to peer 0x565117890bb0 (10 bytes)
1751820746.845205 sending message 112 to peer 0x565117890bb0 (10 bytes)
1751820746.845212 sending message 112 to peer 0x565117890bb0 (8 bytes)
1751820746.845217 sending message 112 to peer 0x565117890bb0 (15 bytes)
1751820746.845224 sending message 112 to peer 0x565117890bb0 (13 bytes)
1751820746.845229 sending message 112 to peer 0x565117890bb0 (10 bytes)
1751820746.845235 sending message 112 to peer 0x565117890bb0 (10 bytes)
1751820746.845241 sending message 112 to peer 0x565117890bb0 (17 bytes)
1751820746.845247 sending message 112 to peer 0x565117890bb0 (10 bytes)
1751820746.845253 sending message 112 to peer 0x565117890bb0 (13 bytes)
1751820746.845259 sending message 112 to peer 0x565117890bb0 (9 bytes)
1751820746.845264 sending message 112 to peer 0x565117890bb0 (5 bytes)
1751820746.845270 sending message 112 to peer 0x565117890bb0 (15 bytes)
1751820746.845277 sending message 104 to peer 0x565117890bb0 (0 bytes)
1751820746.845283 sending message 110 to peer 0x565117890bb0 (0 bytes)
1751820746.845289 sending message 107 to peer 0x565117890bb0 (4 bytes)
1751820746.845295 sending message 105 to peer 0x565117890bb0 (36 bytes)
1751820746.845302 sending message 105 to peer 0x565117890bb0 (39 bytes)
1751820746.845308 sending message 105 to peer 0x565117890bb0 (63 bytes)
1751820746.845314 sending message 105 to peer 0x565117890bb0 (35 bytes)
1751820746.845320 sending message 105 to peer 0x565117890bb0 (127 bytes)
1751820746.845325 sending message 105 to peer 0x565117890bb0 (42 bytes)
1751820746.845331 sending message 105 to peer 0x565117890bb0 (32 bytes)
1751820746.845337 sending message 105 to peer 0x565117890bb0 (66 bytes)
1751820746.845343 sending message 105 to peer 0x565117890bb0 (39 bytes)
1751820746.845349 sending message 105 to peer 0x565117890bb0 (19 bytes)
1751820746.845359 sending message 105 to peer 0x565117890bb0 (63 bytes)
1751820746.845366 sending message 105 to peer 0x565117890bb0 (61 bytes)
1751820746.845381 sending message 105 to peer 0x565117890bb0 (56 bytes)
1751820746.845387 sending message 105 to peer 0x565117890bb0 (18 bytes)
1751820746.845393 sending message 105 to peer 0x565117890bb0 (30 bytes)
1751820746.845399 sending message 105 to peer 0x565117890bb0 (34 bytes)
1751820746.845405 sending message 105 to peer 0x565117890bb0 (21 bytes)
1751820746.845411 sending message 105 to peer 0x565117890bb0 (93 bytes)
1751820746.845416 sending message 105 to peer 0x565117890bb0 (20 bytes)
1751820746.845422 sending message 105 to peer 0x565117890bb0 (29 bytes)
1751820746.845428 sending message 105 to peer 0x565117890bb0 (24 bytes)
1751820746.845433 sending message 105 to peer 0x565117890bb0 (25 bytes)
1751820746.845440 sending message 105 to peer 0x565117890bb0 (36 bytes)
1751820746.845446 sending message 105 to peer 0x565117890bb0 (215 bytes)
1751820746.845452 sending message 105 to peer 0x565117890bb0 (54 bytes)
1751820746.845459 sending message 105 to peer 0x565117890bb0 (50 bytes)
1751820746.845464 sending message 105 to peer 0x565117890bb0 (11 bytes)
1751820746.845471 sending message 105 to peer 0x565117890bb0 (12 bytes)
1751820746.845476 sending message 105 to peer 0x565117890bb0 (37 bytes)
1751820746.845483 sending message 105 to peer 0x565117890bb0 (20 bytes)
1751820746.845488 sending message 105 to peer 0x565117890bb0 (12 bytes)
1751820746.845494 sending message 105 to peer 0x565117890bb0 (55 bytes)
1751820746.845500 sending message 105 to peer 0x565117890bb0 (28 bytes)
1751820746.845506 sending message 105 to peer 0x565117890bb0 (68 bytes)
1751820746.845512 sending message 105 to peer 0x565117890bb0 (36 bytes)
1751820746.845518 sending message 105 to peer 0x565117890bb0 (120 bytes)
1751820746.845524 sending message 105 to peer 0x565117890bb0 (18 bytes)
1751820746.845530 sending message 105 to peer 0x565117890bb0 (54 bytes)
1751820746.845536 sending message 105 to peer 0x565117890bb0 (20 bytes)
1751820746.845542 sending message 105 to peer 0x565117890bb0 (25 bytes)
1751820746.845547 sending message 105 to peer 0x565117890bb0 (39 bytes)
1751820746.845554 sending message 105 to peer 0x565117890bb0 (1429 bytes)
1751820746.845570 sending message 105 to peer 0x565117890bb0 (64 bytes)
1751820746.845576 sending message 105 to peer 0x565117890bb0 (19 bytes)
1751820746.845582 sending message 105 to peer 0x565117890bb0 (19 bytes)
1751820746.845588 sending message 105 to peer 0x565117890bb0 (22 bytes)
1751820746.845594 sending message 105 to peer 0x565117890bb0 (91 bytes)
1751820746.845600 sending message 105 to peer 0x565117890bb0 (32 bytes)
1751820746.845606 sending message 105 to peer 0x565117890bb0 (17 bytes)
1751820746.845612 sending message 105 to peer 0x565117890bb0 (8 bytes)
1751820746.845618 sending message 105 to peer 0x565117890bb0 (53 bytes)
1751820746.845623 sending message 105 to peer 0x565117890bb0 (41 bytes)
1751820746.845630 sending message 105 to peer 0x565117890bb0 (37 bytes)
1751820746.845635 sending message 105 to peer 0x565117890bb0 (39 bytes)
1751820746.845642 sending message 105 to peer 0x565117890bb0 (166 bytes)
1751820746.845647 sending message 105 to peer 0x565117890bb0 (16 bytes)
1751820746.845653 sending message 105 to peer 0x565117890bb0 (32 bytes)
1751820746.845659 sending message 105 to peer 0x565117890bb0 (1917 bytes)
1751820746.845666 sending message 105 to peer 0x565117890bb0 (29 bytes)
1751820746.845672 sending message 105 to peer 0x565117890bb0 (38 bytes)
1751820746.845678 sending message 105 to peer 0x565117890bb0 (37 bytes)
1751820746.845683 sending message 105 to peer 0x565117890bb0 (33 bytes)
1751820746.845689 sending message 105 to peer 0x565117890bb0 (22 bytes)
1751820746.845695 sending message 105 to peer 0x565117890bb0 (58 bytes)
1751820746.845701 sending message 105 to peer 0x565117890bb0 (16 bytes)
1751820746.845707 sending message 105 to peer 0x565117890bb0 (15 bytes)
1751820746.845713 sending message 105 to peer 0x565117890bb0 (407 bytes)
1751820746.845723 sending message 105 to peer 0x565117890bb0 (21 bytes)
1751820746.845731 sending message 105 to peer 0x565117890bb0 (44 bytes)
1751820746.845736 sending message 105 to peer 0x565117890bb0 (62 bytes)
1751820746.845743 sending message 105 to peer 0x565117890bb0 (42 bytes)
1751820746.845748 sending message 105 to peer 0x565117890bb0 (67 bytes)
1751820746.845754 sending message 105 to peer 0x565117890bb0 (23 bytes)
1751820746.845760 sending message 105 to peer 0x565117890bb0 (12 bytes)
1751820746.845766 sending message 105 to peer 0x565117890bb0 (11 bytes)
1751820746.845772 sending message 105 to peer 0x565117890bb0 (1437 bytes)
1751820746.845778 sending message 105 to peer 0x565117890bb0 (22 bytes)
1751820746.845784 sending message 105 to peer 0x565117890bb0 (48 bytes)
1751820746.845790 sending message 105 to peer 0x565117890bb0 (38 bytes)
1751820746.845796 sending message 105 to peer 0x565117890bb0 (50 bytes)
1751820746.845802 sending message 105 to peer 0x565117890bb0 (18 bytes)
1751820746.845808 sending message 105 to peer 0x565117890bb0 (36 bytes)
1751820746.845813 sending message 105 to peer 0x565117890bb0 (24 bytes)
1751820746.845820 sending message 105 to peer 0x565117890bb0 (23 bytes)
1751820746.845825 sending message 105 to peer 0x565117890bb0 (48 bytes)
1751820746.845831 sending message 105 to peer 0x565117890bb0 (24 bytes)
1751820746.845837 sending message 105 to peer 0x565117890bb0 (26 bytes)
1751820746.845843 sending message 105 to peer 0x565117890bb0 (39 bytes)
1751820746.845849 sending message 105 to peer 0x565117890bb0 (24 bytes)
1751820746.845855 sending message 105 to peer 0x565117890bb0 (15 bytes)
1751820746.845861 sending message 105 to peer 0x565117890bb0 (8 bytes)
1751820746.845867 sending message 105 to peer 0x565117890bb0 (67 bytes)
1751820746.845872 sending message 105 to peer 0x565117890bb0 (17 bytes)
1751820746.845879 sending message 105 to peer 0x565117890bb0 (19 bytes)
1751820746.845884 sending message 105 to peer 0x565117890bb0 (18 bytes)
1751820746.845890 sending message 105 to peer 0x565117890bb0 (26 bytes)
1751820746.845896 sending message 105 to peer 0x565117890bb0 (36 bytes)
1751820746.845902 sending message 105 to peer 0x565117890bb0 (13 bytes)
1751820746.845908 sending message 105 to peer 0x565117890bb0 (13 bytes)
1751820746.845914 sending message 105 to peer 0x565117890bb0 (42 bytes)
1751820746.845920 sending message 105 to peer 0x565117890bb0 (29 bytes)
1751820746.845925 sending message 105 to peer 0x565117890bb0 (50 bytes)
1751820746.845932 sending message 105 to peer 0x565117890bb0 (54 bytes)
1751820746.845937 sending message 105 to peer 0x565117890bb0 (26 bytes)
1751820746.845943 sending message 105 to peer 0x565117890bb0 (24 bytes)
1751820746.845949 sending message 105 to peer 0x565117890bb0 (25 bytes)
1751820746.845955 sending message 105 to peer 0x565117890bb0 (16 bytes)
1751820746.845961 sending message 105 to peer 0x565117890bb0 (20 bytes)
1751820746.845967 sending message 105 to peer 0x565117890bb0 (38 bytes)
1751820746.845973 sending message 105 to peer 0x565117890bb0 (29 bytes)
1751820746.845979 sending message 105 to peer 0x565117890bb0 (57 bytes)
1751820746.845985 sending message 105 to peer 0x565117890bb0 (42 bytes)
1751820746.845991 sending message 105 to peer 0x565117890bb0 (31 bytes)
1751820746.845997 sending message 105 to peer 0x565117890bb0 (15 bytes)
1751820746.846004 sending message 105 to peer 0x565117890bb0 (23 bytes)
1751820746.846010 sending message 105 to peer 0x565117890bb0 (17 bytes)
1751820746.846016 sending message 105 to peer 0x565117890bb0 (25 bytes)
1751820746.846022 sending message 105 to peer 0x565117890bb0 (11 bytes)
1751820746.846028 sending message 105 to peer 0x565117890bb0 (29 bytes)
1751820746.846034 sending message 105 to peer 0x565117890bb0 (16 bytes)
1751820746.846040 sending message 105 to peer 0x565117890bb0 (30 bytes)
1751820746.846046 sending message 105 to peer 0x565117890bb0 (24 bytes)
1751820746.846052 sending message 105 to peer 0x565117890bb0 (20 bytes)
1751820746.846058 sending message 105 to peer 0x565117890bb0 (123 bytes)
1751820746.846068 sending message 105 to peer 0x565117890bb0 (1311 bytes)
1751820746.846077 sending message 105 to peer 0x565117890bb0 (214 bytes)
1751820746.846083 sending message 105 to peer 0x565117890bb0 (52 bytes)
1751820746.846089 sending message 105 to peer 0x565117890bb0 (64 bytes)
1751820746.846095 sending message 105 to peer 0x565117890bb0 (34 bytes)
1751820746.846102 sending message 105 to peer 0x565117890bb0 (29 bytes)
1751820746.846108 sending message 105 to peer 0x565117890bb0 (44 bytes)
1751820746.846114 sending message 105 to peer 0x565117890bb0 (32 bytes)
1751820746.846120 sending message 105 to peer 0x565117890bb0 (59 bytes)
1751820746.846126 sending message 105 to peer 0x565117890bb0 (64 bytes)
1751820746.846132 sending message 105 to peer 0x565117890bb0 (407 bytes)
1751820746.846138 sending message 105 to peer 0x565117890bb0 (87 bytes)
1751820746.846145 sending message 105 to peer 0x565117890bb0 (46 bytes)
1751820746.846151 sending message 105 to peer 0x565117890bb0 (51 bytes)
1751820746.846157 sending message 105 to peer 0x565117890bb0 (30 bytes)
1751820746.846163 sending message 105 to peer 0x565117890bb0 (28 bytes)
1751820746.846169 sending message 105 to peer 0x565117890bb0 (10 bytes)
1751820746.846175 sending message 106 to peer 0x565117890bb0 (0 bytes)
1751820746.846223 sending message 200 to peer 0x565117890bb0 (4 bytes)
1751820746.846230 client loop enter
1751820746.848029 peer 0x565117890bb0 message 303
1751820746.848041 open write file 2 -
1751820746.848051 sending message 305 to peer 0x565117890bb0 (8 bytes)
1751820746.848065 write check file 2
1751820746.848199 peer 0x565117890bb0 message 304
1751820746.848207 write 58 to file 2
1751820746.848213 peer 0x565117890bb0 message 203
1751820746.848219 file 2 58 bytes left
1751820746.848232 write check file 2
1751820746.848238 client loop exit
